Capstone2022/app/build/intermediates/manifest_merge_blame_file/debug/manifest-merger-blame-debug-report.txt
1<?xml version="1.0" encoding="utf-8"?>
2<manifest xmlns:android="http://schemas.android.com/apk/res/android"
3    package="com.example.capstone2022"
4    android:versionCode="1"
5    android:versionName="1.0" >
6
7    <uses-sdk
8        android:minSdkVersion="26"
8-->src/main/AndroidManifest.xml
9        android:targetSdkVersion="32" />
9-->src/main/AndroidManifest.xml
10
11    <uses-permission android:name="android.permission.INTERNET" />
11-->src/main/AndroidManifest.xml:5:5-66
11-->src/main/AndroidManifest.xml:5:22-64
12    <uses-permission android:name="android.permission.WRITE_CONTACTS" />
12-->src/main/AndroidManifest.xml:6:5-72
12-->src/main/AndroidManifest.xml:6:22-70
13    <uses-permission android:name="android.permission.READ_CONTACTS" />
13-->src/main/AndroidManifest.xml:7:5-71
13-->src/main/AndroidManifest.xml:7:22-69
14    <!-- To store the heap dumps and leak analysis results. -->
15    <uses-permission android:name="android.permission.READ_EXTERNAL_STORAGE" />
15-->[com.squareup.leakcanary:leakcanary-android-core:2.9.1] AndroidManifest.xml:25:5-80
15-->[com.squareup.leakcanary:leakcanary-android-core:2.9.1] AndroidManifest.xml:25:22-77
16    <uses-permission android:name="android.permission.WRITE_EXTERNAL_STORAGE" /> <!-- To allow starting foreground services on Android P+ - https://developer.android.com/preview/behavior-changes#fg-svc -->
16-->[com.squareup.leakcanary:leakcanary-android-core:2.9.1] AndroidManifest.xml:26:5-81
16-->[com.squareup.leakcanary:leakcanary-android-core:2.9.1] AndroidManifest.xml:26:22-78
17    <uses-permission android:name="android.permission.FOREGROUND_SERVICE" />
17-->[com.squareup.leakcanary:leakcanary-android-core:2.9.1] AndroidManifest.xml:28:5-77
17-->[com.squareup.leakcanary:leakcanary-android-core:2.9.1] AndroidManifest.xml:28:22-74
18
19    <application
19-->src/main/AndroidManifest.xml:9:5-31:19
20        android:allowBackup="true"
20-->src/main/AndroidManifest.xml:10:9-35
21        android:appComponentFactory="androidx.core.app.CoreComponentFactory"
21-->[androidx.core:core:1.7.0] AndroidManifest.xml:24:18-86
22        android:debuggable="true"
23        android:extractNativeLibs="false"
24        android:icon="@mipmap/ic_launcher"
24-->src/main/AndroidManifest.xml:11:9-43
25        android:label="@string/app_name"
25-->src/main/AndroidManifest.xml:12:9-41
26        android:roundIcon="@mipmap/ic_launcher_round"
26-->src/main/AndroidManifest.xml:13:9-54
27        android:supportsRtl="true"
27-->src/main/AndroidManifest.xml:14:9-35
28        android:testOnly="true"
29        android:theme="@style/Theme.Capstone2022"
29-->src/main/AndroidManifest.xml:15:9-50
30        android:usesCleartextTraffic="true" >
30-->src/main/AndroidManifest.xml:16:9-44
31        <activity
31-->src/main/AndroidManifest.xml:18:9-24:20
32            android:name="com.example.capstone2022.MainActivity"
32-->src/main/AndroidManifest.xml:18:19-47
33            android:configChanges="keyboardHidden|orientation|screenSize"
33-->src/main/AndroidManifest.xml:19:13-74
34            android:exported="true" >
34-->src/main/AndroidManifest.xml:18:48-71
35            <intent-filter>
35-->src/main/AndroidManifest.xml:20:13-23:29
36                <action android:name="android.intent.action.MAIN" />
36-->src/main/AndroidManifest.xml:21:17-69
36-->src/main/AndroidManifest.xml:21:25-66
37
38                <category android:name="android.intent.category.LAUNCHER" />
38-->src/main/AndroidManifest.xml:22:17-77
38-->src/main/AndroidManifest.xml:22:27-74
39            </intent-filter>
40        </activity>
41
42        <!-- 얘네 추가해줘야지 버튼눌렀을 때 정상적으로 화면 이동 가능 -->
43        <activity android:name="com.example.capstone2022.VirusHome" />
43-->src/main/AndroidManifest.xml:27:9-46
43-->src/main/AndroidManifest.xml:27:19-44
44        <activity android:name="com.example.capstone2022.GuideHome" />
44-->src/main/AndroidManifest.xml:28:9-46
44-->src/main/AndroidManifest.xml:28:19-44
45        <activity android:name="com.example.capstone2022.NoticeHome" />
45-->src/main/AndroidManifest.xml:29:9-47
45-->src/main/AndroidManifest.xml:29:19-45
46        <activity android:name="com.example.capstone2022.HelpHome" />
46-->src/main/AndroidManifest.xml:30:9-45
46-->src/main/AndroidManifest.xml:30:19-43
47
48        <provider
48-->[com.squareup.leakcanary:leakcanary-android-core:2.9.1] AndroidManifest.xml:31:9-39:20
49            android:name="leakcanary.internal.LeakCanaryFileProvider"
49-->[com.squareup.leakcanary:leakcanary-android-core:2.9.1] AndroidManifest.xml:32:13-70
50            android:authorities="com.squareup.leakcanary.fileprovider.com.example.capstone2022"
50-->[com.squareup.leakcanary:leakcanary-android-core:2.9.1] AndroidManifest.xml:33:13-88
51            android:exported="false"
51-->[com.squareup.leakcanary:leakcanary-android-core:2.9.1] AndroidManifest.xml:34:13-37
52            android:grantUriPermissions="true" >
52-->[com.squareup.leakcanary:leakcanary-android-core:2.9.1] AndroidManifest.xml:35:13-47
53            <meta-data
53-->[com.squareup.leakcanary:leakcanary-android-core:2.9.1] AndroidManifest.xml:36:13-38:66
54                android:name="android.support.FILE_PROVIDER_PATHS"
54-->[com.squareup.leakcanary:leakcanary-android-core:2.9.1] AndroidManifest.xml:37:17-67
55                android:resource="@xml/leak_canary_file_paths" />
55-->[com.squareup.leakcanary:leakcanary-android-core:2.9.1] AndroidManifest.xml:38:17-63
56        </provider>
57
58        <activity
58-->[com.squareup.leakcanary:leakcanary-android-core:2.9.1] AndroidManifest.xml:41:9-72:20
59            android:name="leakcanary.internal.activity.LeakActivity"
59-->[com.squareup.leakcanary:leakcanary-android-core:2.9.1] AndroidManifest.xml:42:13-69
60            android:exported="true"
60-->[com.squareup.leakcanary:leakcanary-android-core:2.9.1] AndroidManifest.xml:43:13-36
61            android:icon="@mipmap/leak_canary_icon"
61-->[com.squareup.leakcanary:leakcanary-android-core:2.9.1] AndroidManifest.xml:44:13-52
62            android:label="@string/leak_canary_display_activity_label"
62-->[com.squareup.leakcanary:leakcanary-android-core:2.9.1] AndroidManifest.xml:45:13-71
63            android:taskAffinity="com.squareup.leakcanary.com.example.capstone2022"
63-->[com.squareup.leakcanary:leakcanary-android-core:2.9.1] AndroidManifest.xml:46:13-76
64            android:theme="@style/leak_canary_LeakCanary.Base" >
64-->[com.squareup.leakcanary:leakcanary-android-core:2.9.1] AndroidManifest.xml:47:13-63
65            <intent-filter android:label="@string/leak_canary_import_hprof_file" >
65-->[com.squareup.leakcanary:leakcanary-android-core:2.9.1] AndroidManifest.xml:48:13-71:29
65-->[com.squareup.leakcanary:leakcanary-android-core:2.9.1] AndroidManifest.xml:48:28-81
66                <action android:name="android.intent.action.VIEW" />
66-->[com.squareup.leakcanary:leakcanary-android-core:2.9.1] AndroidManifest.xml:49:17-69
66-->[com.squareup.leakcanary:leakcanary-android-core:2.9.1] AndroidManifest.xml:49:25-66
67
68                <category android:name="android.intent.category.DEFAULT" />
68-->[com.squareup.leakcanary:leakcanary-android-core:2.9.1] AndroidManifest.xml:51:17-76
68-->[com.squareup.leakcanary:leakcanary-android-core:2.9.1] AndroidManifest.xml:51:27-73
69                <category android:name="android.intent.category.BROWSABLE" />
69-->[com.squareup.leakcanary:leakcanary-android-core:2.9.1] AndroidManifest.xml:52:17-78
69-->[com.squareup.leakcanary:leakcanary-android-core:2.9.1] AndroidManifest.xml:52:27-75
70
71                <data android:scheme="file" />
71-->[com.squareup.leakcanary:leakcanary-android-core:2.9.1] AndroidManifest.xml:54:17-47
71-->[com.squareup.leakcanary:leakcanary-android-core:2.9.1] AndroidManifest.xml:54:23-44
72                <data android:scheme="content" />
72-->[com.squareup.leakcanary:leakcanary-android-core:2.9.1] AndroidManifest.xml:54:17-47
72-->[com.squareup.leakcanary:leakcanary-android-core:2.9.1] AndroidManifest.xml:54:23-44
73                <data android:mimeType="*/*" />
73-->[com.squareup.leakcanary:leakcanary-android-core:2.9.1] AndroidManifest.xml:54:17-47
74                <data android:host="*" />
74-->[com.squareup.leakcanary:leakcanary-android-core:2.9.1] AndroidManifest.xml:54:17-47
75                <data android:pathPattern=".*\\.hprof" />
75-->[com.squareup.leakcanary:leakcanary-android-core:2.9.1] AndroidManifest.xml:54:17-47
76                <data android:pathPattern=".*\\..*\\.hprof" />
76-->[com.squareup.leakcanary:leakcanary-android-core:2.9.1] AndroidManifest.xml:54:17-47
77                <data android:pathPattern=".*\\..*\\..*\\.hprof" />
77-->[com.squareup.leakcanary:leakcanary-android-core:2.9.1] AndroidManifest.xml:54:17-47
78                <data android:pathPattern=".*\\..*\\..*\\..*\\.hprof" />
78-->[com.squareup.leakcanary:leakcanary-android-core:2.9.1] AndroidManifest.xml:54:17-47
79                <data android:pathPattern=".*\\..*\\..*\\..*\\..*\\.hprof" />
79-->[com.squareup.leakcanary:leakcanary-android-core:2.9.1] AndroidManifest.xml:54:17-47
80                <data android:pathPattern=".*\\..*\\..*\\..*\\..*\\..*\\.hprof" />
80-->[com.squareup.leakcanary:leakcanary-android-core:2.9.1] AndroidManifest.xml:54:17-47
81                <data android:pathPattern=".*\\..*\\..*\\..*\\..*\\..*\\..*\\.hprof" />
81-->[com.squareup.leakcanary:leakcanary-android-core:2.9.1] AndroidManifest.xml:54:17-47
82                <!--
83            Since hprof isn't a standard MIME type, we have to declare such patterns.
84            Most file providers will generate URIs including their own package name,
85            which contains `.` characters that must be explicitly escaped in pathPattern.
86            @see https://stackoverflow.com/a/31028507/703646
87                -->
88            </intent-filter>
89        </activity>
90
91        <activity-alias
91-->[com.squareup.leakcanary:leakcanary-android-core:2.9.1] AndroidManifest.xml:74:9-91:26
92            android:name="leakcanary.internal.activity.LeakLauncherActivity"
92-->[com.squareup.leakcanary:leakcanary-android-core:2.9.1] AndroidManifest.xml:75:13-77
93            android:banner="@drawable/leak_canary_tv_icon"
93-->[com.squareup.leakcanary:leakcanary-android-core:2.9.1] AndroidManifest.xml:76:13-59
94            android:enabled="@bool/leak_canary_add_launcher_icon"
94-->[com.squareup.leakcanary:leakcanary-android-core:2.9.1] AndroidManifest.xml:77:13-66
95            android:exported="true"
95-->[com.squareup.leakcanary:leakcanary-android-core:2.9.1] AndroidManifest.xml:78:13-36
96            android:icon="@mipmap/leak_canary_icon"
96-->[com.squareup.leakcanary:leakcanary-android-core:2.9.1] AndroidManifest.xml:79:13-52
97            android:label="@string/leak_canary_display_activity_label"
97-->[com.squareup.leakcanary:leakcanary-android-core:2.9.1] AndroidManifest.xml:80:13-71
98            android:targetActivity="leakcanary.internal.activity.LeakActivity"
98-->[com.squareup.leakcanary:leakcanary-android-core:2.9.1] AndroidManifest.xml:81:13-79
99            android:taskAffinity="com.squareup.leakcanary.com.example.capstone2022"
99-->[com.squareup.leakcanary:leakcanary-android-core:2.9.1] AndroidManifest.xml:82:13-76
100            android:theme="@style/leak_canary_LeakCanary.Base" >
100-->[com.squareup.leakcanary:leakcanary-android-core:2.9.1] AndroidManifest.xml:83:13-63
101            <intent-filter>
101-->[com.squareup.leakcanary:leakcanary-android-core:2.9.1] AndroidManifest.xml:84:13-90:29
102                <action android:name="android.intent.action.MAIN" />
102-->src/main/AndroidManifest.xml:21:17-69
102-->src/main/AndroidManifest.xml:21:25-66
103
104                <category android:name="android.intent.category.LAUNCHER" />
104-->src/main/AndroidManifest.xml:22:17-77
104-->src/main/AndroidManifest.xml:22:27-74
105                <!-- Android TV launcher intent -->
106                <category android:name="android.intent.category.LEANBACK_LAUNCHER" />
106-->[com.squareup.leakcanary:leakcanary-android-core:2.9.1] AndroidManifest.xml:89:17-86
106-->[com.squareup.leakcanary:leakcanary-android-core:2.9.1] AndroidManifest.xml:89:27-83
107            </intent-filter>
108        </activity-alias>
109
110        <activity
110-->[com.squareup.leakcanary:leakcanary-android-core:2.9.1] AndroidManifest.xml:93:9-99:68
111            android:name="leakcanary.internal.RequestStoragePermissionActivity"
111-->[com.squareup.leakcanary:leakcanary-android-core:2.9.1] AndroidManifest.xml:94:13-80
112            android:excludeFromRecents="true"
112-->[com.squareup.leakcanary:leakcanary-android-core:2.9.1] AndroidManifest.xml:95:13-46
113            android:icon="@mipmap/leak_canary_icon"
113-->[com.squareup.leakcanary:leakcanary-android-core:2.9.1] AndroidManifest.xml:96:13-52
114            android:label="@string/leak_canary_storage_permission_activity_label"
114-->[com.squareup.leakcanary:leakcanary-android-core:2.9.1] AndroidManifest.xml:97:13-82
115            android:taskAffinity="com.squareup.leakcanary.com.example.capstone2022"
115-->[com.squareup.leakcanary:leakcanary-android-core:2.9.1] AndroidManifest.xml:98:13-76
116            android:theme="@style/leak_canary_Theme.Transparent" />
116-->[com.squareup.leakcanary:leakcanary-android-core:2.9.1] AndroidManifest.xml:99:13-65
117
118        <receiver android:name="leakcanary.internal.NotificationReceiver" />
118-->[com.squareup.leakcanary:leakcanary-android-core:2.9.1] AndroidManifest.xml:101:9-77
118-->[com.squareup.leakcanary:leakcanary-android-core:2.9.1] AndroidManifest.xml:101:19-74
119
120        <provider
120-->[com.squareup.leakcanary:leakcanary-object-watcher-android:2.9.1] AndroidManifest.xml:8:9-12:40
121            android:name="leakcanary.internal.MainProcessAppWatcherInstaller"
121-->[com.squareup.leakcanary:leakcanary-object-watcher-android:2.9.1] AndroidManifest.xml:9:13-78
122            android:authorities="com.example.capstone2022.leakcanary-installer"
122-->[com.squareup.leakcanary:leakcanary-object-watcher-android:2.9.1] AndroidManifest.xml:10:13-72
123            android:enabled="@bool/leak_canary_watcher_auto_install"
123-->[com.squareup.leakcanary:leakcanary-object-watcher-android:2.9.1] AndroidManifest.xml:11:13-69
124            android:exported="false" />
124-->[com.squareup.leakcanary:leakcanary-object-watcher-android:2.9.1] AndroidManifest.xml:12:13-37
125        <provider
125-->[com.squareup.leakcanary:plumber-android:2.9.1] AndroidManifest.xml:8:9-12:40
126            android:name="leakcanary.internal.PlumberInstaller"
126-->[com.squareup.leakcanary:plumber-android:2.9.1] AndroidManifest.xml:9:13-64
127            android:authorities="com.example.capstone2022.plumber-installer"
127-->[com.squareup.leakcanary:plumber-android:2.9.1] AndroidManifest.xml:10:13-69
128            android:enabled="@bool/leak_canary_plumber_auto_install"
128-->[com.squareup.leakcanary:plumber-android:2.9.1] AndroidManifest.xml:11:13-69
129            android:exported="false" />
129-->[com.squareup.leakcanary:plumber-android:2.9.1] AndroidManifest.xml:12:13-37
130
131        <uses-library
131-->[androidx.window:window:1.0.0] AndroidManifest.xml:25:9-27:40
132            android:name="androidx.window.extensions"
132-->[androidx.window:window:1.0.0] AndroidManifest.xml:26:13-54
133            android:required="false" />
133-->[androidx.window:window:1.0.0] AndroidManifest.xml:27:13-37
134        <uses-library
134-->[androidx.window:window:1.0.0] AndroidManifest.xml:28:9-30:40
135            android:name="androidx.window.sidecar"
135-->[androidx.window:window:1.0.0] AndroidManifest.xml:29:13-51
136            android:required="false" />
136-->[androidx.window:window:1.0.0] AndroidManifest.xml:30:13-37
137
138        <provider
138-->[androidx.emoji2:emoji2:1.0.0] AndroidManifest.xml:26:9-34:20
139            android:name="androidx.startup.InitializationProvider"
139-->[androidx.emoji2:emoji2:1.0.0] AndroidManifest.xml:27:13-67
140            android:authorities="com.example.capstone2022.androidx-startup"
140-->[androidx.emoji2:emoji2:1.0.0] AndroidManifest.xml:28:13-68
141            android:exported="false" >
141-->[androidx.emoji2:emoji2:1.0.0] AndroidManifest.xml:29:13-37
142            <meta-data
142-->[androidx.emoji2:emoji2:1.0.0] AndroidManifest.xml:31:13-33:52
143                android:name="androidx.emoji2.text.EmojiCompatInitializer"
143-->[androidx.emoji2:emoji2:1.0.0] AndroidManifest.xml:32:17-75
144                android:value="androidx.startup" />
144-->[androidx.emoji2:emoji2:1.0.0] AndroidManifest.xml:33:17-49
145            <meta-data
145-->[androidx.lifecycle:lifecycle-process:2.4.0] AndroidManifest.xml:31:13-33:52
146                android:name="androidx.lifecycle.ProcessLifecycleInitializer"
146-->[androidx.lifecycle:lifecycle-process:2.4.0] AndroidManifest.xml:32:17-78
147                android:value="androidx.startup" />
147-->[androidx.lifecycle:lifecycle-process:2.4.0] AndroidManifest.xml:33:17-49
148        </provider>
149    </application>
150
151</manifest>